<?xml version="1.0" encoding="UTF-8"?>
<testsuite xmlns:xsi="http://www.w3.org/2001/XMLSchema-instance" xsi:noNamespaceSchemaLocation="https://maven.apache.org/surefire/maven-surefire-plugin/xsd/surefire-test-report.xsd" name="com.parkit.parkingsystem.FareCalculatorServiceTest" time="0.044" tests="11" errors="0" skipped="0" failures="0">
  <properties>
[...]
</properties>
  <testcase name="calculateFareBikeWithDiscount" classname="com.parkit.parkingsystem.FareCalculatorServiceTest" time="0.013"/>
  <testcase name="calculateFareCarWithLessThanOneHourParkingTime" classname="com.parkit.parkingsystem.FareCalculatorServiceTest" time="0"/>
  <testcase name="calculateFareBikeWithLessThan30minutesParkingTime" classname="com.parkit.parkingsystem.FareCalculatorServiceTest" time="0.001"/>
  <testcase name="calculateFareCarWithDiscount" classname="com.parkit.parkingsystem.FareCalculatorServiceTest" time="0"/>
  <testcase name="calculateFareCar" classname="com.parkit.parkingsystem.FareCalculatorServiceTest" time="0.001"/>
  <testcase name="calculateFareBike" classname="com.parkit.parkingsystem.FareCalculatorServiceTest" time="0.001"/>
  <testcase name="calculateFareUnknownType" classname="com.parkit.parkingsystem.FareCalculatorServiceTest" time="0.001"/>
  <testcase name="calculateFareCarWithLessThan30minutesParkingTime" classname="com.parkit.parkingsystem.FareCalculatorServiceTest" time="0.001"/>
  <testcase name="calculateFareCarWithMoreThanADayParkingTime" classname="com.parkit.parkingsystem.FareCalculatorServiceTest" time="0"/>
  <testcase name="calculateFareBikeWithLessThanOneHourParkingTime" classname="com.parkit.parkingsystem.FareCalculatorServiceTest" time="0.004"/>
  <testcase name="calculateFareBikeWithFutureInTime" classname="com.parkit.parkingsystem.FareCalculatorServiceTest" time="0.007"/>
</testsuite>